<?xml version="1.0" encoding="UTF-8"?>
<!-- Generated by org.testng.reporters.JUnitReportReporter -->
<testsuite hostname="DESKTOP-QQIDDI2" failures="0" tests="1" name="TestNGDevops.TestNGDevOps" time="0.012" errors="0" timestamp="2021-09-05T20:43:26 IST" skipped="0">
  <testcase classname="TestNGDevops.TestNGDevOps" name="f" time="0.012"/>
  <system-out/>
</testsuite> <!-- TestNGDevops.TestNGDevOps -->
